<?xml version="1.0" encoding="UTF-8"?>
<testsuite xmlns:xsi="http://www.w3.org/2001/XMLSchema-instance" xsi:noNamespaceSchemaLocation="https://maven.apache.org/surefire/maven-surefire-plugin/xsd/surefire-test-report-3.0.xsd" version="3.0" name="com.opencart.testrunner.TestRunner" time="36.583" tests="7" errors="0" skipped="0" failures="0">
  <properties>
[...]
</properties>
  <testcase name="Verify user should see the hotel application" classname="Testing the adactin hotel reservation application using automation test" time="0.561">
    <system-out><![CDATA[
@sc
Scenario: Verify user should see the hotel application &amp#27;[90m# src/test/java/com/opencart/features/Adactin.feature:3&amp#27;[0m
  &amp#27;[32mWhen &amp#27;[0m&amp#27;[32mUser should see the Adactin text on the header&amp#27;[0m  &amp#27;[90m# com.opencart.stepdefinition.AdactinDefinition.user_should_see_the_Adactin_text_on_the_header()&amp#27;[0m
]]></system-out>
    <system-err><![CDATA[Starting ChromeDriver 83.0.4103.39 (ccbf011cb2d2b19b506d844400483861342c20cd-refs/branch-heads/4103@{#416}) on port 24220
Only local connections are allowed.
Please see https://chromedriver.chromium.org/security-considerations for suggestions on keeping ChromeDriver safe.
ChromeDriver was started successfully.
Jul 06, 2020 5:30:05 PM org.openqa.selenium.remote.ProtocolHandshake createSession
INFO: Detected dialect: W3C
]]></system-err>
  </testcase>
  <testcase name="Verify user is able to login the application" classname="Testing the adactin hotel reservation application using automation test" time="5.764">
    <system-out><![CDATA[
@sc
Scenario: Verify user is able to login the application                 &amp#27;[90m# src/test/java/com/opencart/features/Adactin.feature:6&amp#27;[0m
  &amp#27;[32mWhen &amp#27;[0m&amp#27;[32mUser should enter the username &amp#27;[0m&amp#27;[32m&amp#27;[1m"priyagopinath"&amp#27;[0m&amp#27;[32m in the userfield&amp#27;[0m &amp#27;[90m# com.opencart.stepdefinition.AdactinDefinition.user_should_enter_the_username_in_the_userfield(java.lang.String)&amp#27;[0m
  &amp#27;[32mThen &amp#27;[0m&amp#27;[32mUser should enter the password &amp#27;[0m&amp#27;[32m&amp#27;[1m"Z94RR4"&amp#27;[0m&amp#27;[32m in the passwordfield&amp#27;[0m    &amp#27;[90m# com.opencart.stepdefinition.AdactinDefinition.user_should_enter_the_password_in_the_passwordfield(java.lang.String)&amp#27;[0m
  &amp#27;[32mAnd &amp#27;[0m&amp#27;[32mUser should click the login button&amp#27;[0m                               &amp#27;[90m# com.opencart.stepdefinition.AdactinDefinition.user_should_click_the_login_button()&amp#27;[0m
]]></system-out>
  </testcase>
  <testcase name="Verify user is able to give checkout dates later than checkin" classname="Testing the adactin hotel reservation application using automation test" time="1.257">
    <system-out><![CDATA[
@sc
Scenario: Verify user is able to give checkout dates later than checkin    &amp#27;[90m# src/test/java/com/opencart/features/Adactin.feature:11&amp#27;[0m
  &amp#27;[32mWhen &amp#27;[0m&amp#27;[32mUser should select the location &amp#27;[0m&amp#27;[32m&amp#27;[1m"Melbourne"&amp#27;[0m&amp#27;[32m in the location pannel&amp#27;[0m  &amp#27;[90m# com.opencart.stepdefinition.AdactinDefinition.user_should_select_the_location_in_the_location_pannel(java.lang.String)&amp#27;[0m
  &amp#27;[32mThen &amp#27;[0m&amp#27;[32mUser  should select the hotels &amp#27;[0m&amp#27;[32m&amp#27;[1m"2"&amp#27;[0m&amp#27;[32m in the hotels pannel&amp#27;[0m             &amp#27;[90m# com.opencart.stepdefinition.AdactinDefinition.user_should_select_the_hotels_in_the_hotels_pannel(java.lang.String)&amp#27;[0m
  &amp#27;[32mThen &amp#27;[0m&amp#27;[32mUser should  select the roomtype &amp#27;[0m&amp#27;[32m&amp#27;[1m"Standard"&amp#27;[0m&amp#27;[32m in the roomtype pannel&amp#27;[0m  &amp#27;[90m# com.opencart.stepdefinition.AdactinDefinition.user_should_select_the_roomtype_in_the_roomtype_pannel(java.lang.String)&amp#27;[0m
  &amp#27;[32mThen &amp#27;[0m&amp#27;[32mUser should select number of rooms &amp#27;[0m&amp#27;[32m&amp#27;[1m"3"&amp#27;[0m&amp#27;[32m in the numpannel&amp#27;[0m             &amp#27;[90m# com.opencart.stepdefinition.AdactinDefinition.user_should_select_number_of_rooms_in_the_numpannel(java.lang.String)&amp#27;[0m
  &amp#27;[32mAnd &amp#27;[0m&amp#27;[32mUser should select adult &amp#27;[0m&amp#27;[32m&amp#27;[1m"2"&amp#27;[0m&amp#27;[32m in the adultperroom pannel&amp#27;[0m              &amp#27;[90m# com.opencart.stepdefinition.AdactinDefinition.user_should_select_adult_in_the_adultperroom_pannel(java.lang.String)&amp#27;[0m
  &amp#27;[32mAnd &amp#27;[0m&amp#27;[32mUser should select childrenperroom &amp#27;[0m&amp#27;[32m&amp#27;[1m"0"&amp#27;[0m&amp#27;[32m in the childrenperroom pannel&amp#27;[0m &amp#27;[90m# com.opencart.stepdefinition.AdactinDefinition.user_should_select_childrenperroom_in_the_childrenperroom_pannel(java.lang.String)&amp#27;[0m
]]></system-out>
  </testcase>
  <testcase name="Verify whether it goes to next page when  checkin and checkout are correctly given" classname="Testing the adactin hotel reservation application using automation test" time="2.19">
    <system-out><![CDATA[
@sc
Scenario: Verify whether it goes to next page when  checkin and checkout are correctly given &amp#27;[90m# src/test/java/com/opencart/features/Adactin.feature:24&amp#27;[0m
  &amp#27;[32mAnd &amp#27;[0m&amp#27;[32mUser should enter the expected checkin date &amp#27;[0m&amp#27;[32m&amp#27;[1m"21/06/2020"&amp#27;[0m&amp#27;[32m in the pannel&amp#27;[0m                 &amp#27;[90m# com.opencart.stepdefinition.AdactinDefinition.user_should_enter_the_expected_checkin_date_in_the_pannel(java.lang.String)&amp#27;[0m
  &amp#27;[32mAnd &amp#27;[0m&amp#27;[32mUser should enter the expected checkout date &amp#27;[0m&amp#27;[32m&amp#27;[1m"23/06/2020"&amp#27;[0m&amp#27;[32m in the pannel&amp#27;[0m                &amp#27;[90m# com.opencart.stepdefinition.AdactinDefinition.user_should_enter_the_expected_checkout_date_in_the_pannel(java.lang.String)&amp#27;[0m
  &amp#27;[32mAnd &amp#27;[0m&amp#27;[32mUser should click the search button&amp#27;[0m                                                    &amp#27;[90m# com.opencart.stepdefinition.AdactinDefinition.user_should_click_the_search_button()&amp#27;[0m
]]></system-out>
  </testcase>
  <testcase name="Verify whether the datas in the select hotel page are same as given datas in search hotel page" classname="Testing the adactin hotel reservation application using automation test" time="0.42">
    <system-out><![CDATA[
@sc
Scenario: Verify whether the datas in the select hotel page are same as given datas in search hotel page &amp#27;[90m# src/test/java/com/opencart/features/Adactin.feature:29&amp#27;[0m
same location is displayed
  &amp#27;[32mGiven &amp#27;[0m&amp#27;[32mUser should get the text in the location pannel of select hotel&amp#27;[0m                                  &amp#27;[90m# com.opencart.stepdefinition.AdactinDefinition.user_should_get_the_text_in_the_location_pannel_of_select_hotel()&amp#27;[0m
checkin is displayed
  &amp#27;[32mThen &amp#27;[0m&amp#27;[32mUser should compare it with the given checkin data&amp#27;[0m                                                &amp#27;[90m# com.opencart.stepdefinition.AdactinDefinition.user_should_compare_it_with_the_given_checkin_data()&amp#27;[0m
checkout is displayed
Same room type
Num of rooms same
[Melbourne, Standard, 2 Days]
  &amp#27;[32mThen &amp#27;[0m&amp#27;[32mUser should compare it with the given checkout data&amp#27;[0m                                               &amp#27;[90m# com.opencart.stepdefinition.AdactinDefinition.user_should_compare_it_with_the_given_checkout_data()&amp#27;[0m
]]></system-out>
  </testcase>
  <testcase name="Verify wether the datas displayed in book hotel page is same as select hotel page" classname="Testing the adactin hotel reservation application using automation test" time="8.621">
    <system-out><![CDATA[
@sc
Scenario: Verify wether the datas displayed in book hotel page is same as select hotel page &amp#27;[90m# src/test/java/com/opencart/features/Adactin.feature:38&amp#27;[0m
  &amp#27;[32mWhen &amp#27;[0m&amp#27;[32mUser should compare all datas displayed in select hotel page with book hotel page&amp#27;[0m    &amp#27;[90m# com.opencart.stepdefinition.AdactinDefinition.user_should_compare_all_datas_displayed_in_select_hotel_page_with_book_hotel_page()&amp#27;[0m
AUD $ 175
360
  &amp#27;[32mThen &amp#27;[0m&amp#27;[32mUser should check the total price calculated is correct&amp#27;[0m                              &amp#27;[90m# com.opencart.stepdefinition.AdactinDefinition.user_should_check_the_total_price_calculated_is_correct()&amp#27;[0m
396
396
final bill is calculated correctly
  &amp#27;[32mThen &amp#27;[0m&amp#27;[32mUser should confirm the fnl bill price is correctly calculated&amp#27;[0m                       &amp#27;[90m# com.opencart.stepdefinition.AdactinDefinition.user_should_confirm_the_fnl_bill_price_is_correctly_calculated()&amp#27;[0m
  &amp#27;[32mThen &amp#27;[0m&amp#27;[32mUser should eneter first name  &amp#27;[0m&amp#27;[32m&amp#27;[1m"priya"&amp#27;[0m&amp#27;[32m  in the name field&amp#27;[0m                            &amp#27;[90m# com.opencart.stepdefinition.AdactinDefinition.user_should_eneter_first_name_in_the_name_field(java.lang.String)&amp#27;[0m
  &amp#27;[32mAnd &amp#27;[0m&amp#27;[32mUser should enter last name  &amp#27;[0m&amp#27;[32m&amp#27;[1m"gopinath"&amp#27;[0m&amp#27;[32m  in the last name field&amp#27;[0m                       &amp#27;[90m# com.opencart.stepdefinition.AdactinDefinition.user_should_enter_last_name_in_the_last_name_field(java.lang.String)&amp#27;[0m
  &amp#27;[32mAnd &amp#27;[0m&amp#27;[32mUser should enter the address  &amp#27;[0m&amp#27;[32m&amp#27;[1m"induvihar"&amp#27;[0m&amp#27;[32m  in the address field&amp#27;[0m                      &amp#27;[90m# com.opencart.stepdefinition.AdactinDefinition.user_should_enter_the_address_in_the_address_field(java.lang.String)&amp#27;[0m
  &amp#27;[32mAnd &amp#27;[0m&amp#27;[32mUser should enter the card details and select book now&amp#27;[0m                                &amp#27;[90m# com.opencart.stepdefinition.AdactinDefinition.user_should_enter_the_card_details_and_select_book_now()&amp#27;[0m
]]></system-out>
  </testcase>
  <testcase name="Verify wether order confirmation is diplayed in confirmation page and itenary details are correct and cant edit" classname="Testing the adactin hotel reservation application using automation test" time="6.293">
    <system-out><![CDATA[
@sc
Scenario: Verify wether order confirmation is diplayed in confirmation page and itenary details are correct and cant edit &amp#27;[90m# src/test/java/com/opencart/features/Adactin.feature:47&amp#27;[0m
  &amp#27;[32mWhen &amp#27;[0m&amp#27;[32mUser should check whether order confirmation is displayed&amp#27;[0m                                                          &amp#27;[90m# com.opencart.stepdefinition.AdactinDefinition.user_should_check_whether_order_confirmation_is_displayed()&amp#27;[0m
cant edit order number
  &amp#27;[32mThen &amp#27;[0m&amp#27;[32mUser should check order confirmation is not editable&amp#27;[0m                                                               &amp#27;[90m# com.opencart.stepdefinition.AdactinDefinition.user_should_check_order_confirmation_is_not_editable()&amp#27;[0m
  &amp#27;[32mThen &amp#27;[0m&amp#27;[32mUser should click myItinerary&amp#27;[0m                                                                                      &amp#27;[90m# com.opencart.stepdefinition.AdactinDefinition.user_should_click_myItinerary()&amp#27;[0m
  &amp#27;[32mThen &amp#27;[0m&amp#27;[32mUser should check whether order can search in searchbox&amp#27;[0m                                                            &amp#27;[90m# com.opencart.stepdefinition.AdactinDefinition.user_should_check_whether_order_can_search_in_searchbox()&amp#27;[0m
not editable
  &amp#27;[32mAnd &amp#27;[0m&amp#27;[32mUser should confirm that enetered datas are not editable&amp#27;[0m                                                            &amp#27;[90m# com.opencart.stepdefinition.AdactinDefinition.user_should_confirm_that_enetered_datas_are_not_editable()&amp#27;[0m
]]></system-out>
  </testcase>
</testsuite>